{"/home/sss/Projects/greedy-interval-packer/index.js":{"path":"/home/sss/Projects/greedy-interval-packer/index.js","s":{"1":1,"2":0,"3":1,"4":126,"5":1,"6":1,"7":126,"8":82,"9":1,"10":18,"11":4,"12":14,"13":1,"14":13,"15":55,"16":5,"17":8,"18":118,"19":118,"20":102,"21":16,"22":8,"23":8,"24":49,"25":49,"26":49,"27":49,"28":46,"29":49,"30":8},"b":{"1":[126,46,80],"2":[4,14],"3":[1,13],"4":[5,50],"5":[55,55,52,52],"6":[102,16],"7":[95,82],"8":[49,13]},"f":{"1":0,"2":126,"3":82,"4":126,"5":18,"6":55,"7":118},"fnMap":{"1":{"name":"last","line":1,"loc":{"start":{"line":1,"column":-15},"end":{"line":1,"column":20}}},"2":{"name":"intersects","line":4,"loc":{"start":{"line":4,"column":0},"end":{"line":4,"column":26}}},"3":{"name":"intersectsWithSome","line":8,"loc":{"start":{"line":8,"column":0},"end":{"line":8,"column":49}}},"4":{"name":"intersectWithInterval","line":9,"loc":{"start":{"line":9,"column":4},"end":{"line":9,"column":42}}},"5":{"name":"greedyIntervalPacker","line":15,"loc":{"start":{"line":15,"column":17},"end":{"line":15,"column":58}}},"6":{"name":"(anonymous_6)","line":24,"loc":{"start":{"line":24,"column":22},"end":{"line":24,"column":42}}},"7":{"name":"(anonymous_7)","line":35,"loc":{"start":{"line":35,"column":42},"end":{"line":35,"column":58}}}},"statementMap":{"1":{"start":{"line":1,"column":-15},"end":{"line":3,"column":1}},"2":{"start":{"line":2,"column":4},"end":{"line":2,"column":33}},"3":{"start":{"line":4,"column":0},"end":{"line":6,"column":1}},"4":{"start":{"line":5,"column":4},"end":{"line":5,"column":71}},"5":{"start":{"line":8,"column":0},"end":{"line":13,"column":1}},"6":{"start":{"line":9,"column":4},"end":{"line":11,"column":5}},"7":{"start":{"line":10,"column":8},"end":{"line":10,"column":43}},"8":{"start":{"line":12,"column":4},"end":{"line":12,"column":49}},"9":{"start":{"line":15,"column":0},"end":{"line":58,"column":2}},"10":{"start":{"line":16,"column":4},"end":{"line":18,"column":5}},"11":{"start":{"line":17,"column":8},"end":{"line":17,"column":107}},"12":{"start":{"line":20,"column":4},"end":{"line":22,"column":5}},"13":{"start":{"line":21,"column":8},"end":{"line":21,"column":18}},"14":{"start":{"line":24,"column":4},"end":{"line":33,"column":7}},"15":{"start":{"line":25,"column":8},"end":{"line":32,"column":9}},"16":{"start":{"line":31,"column":12},"end":{"line":31,"column":114}},"17":{"start":{"line":35,"column":4},"end":{"line":39,"column":7}},"18":{"start":{"line":36,"column":8},"end":{"line":36,"column":34}},"19":{"start":{"line":37,"column":8},"end":{"line":37,"column":34}},"20":{"start":{"line":37,"column":23},"end":{"line":37,"column":32}},"21":{"start":{"line":38,"column":8},"end":{"line":38,"column":53}},"22":{"start":{"line":41,"column":4},"end":{"line":41,"column":26}},"23":{"start":{"line":43,"column":4},"end":{"line":55,"column":5}},"24":{"start":{"line":44,"column":8},"end":{"line":44,"column":39}},"25":{"start":{"line":45,"column":8},"end":{"line":45,"column":18}},"26":{"start":{"line":46,"column":8},"end":{"line":46,"column":62}},"27":{"start":{"line":48,"column":8},"end":{"line":53,"column":9}},"28":{"start":{"line":52,"column":12},"end":{"line":52,"column":19}},"29":{"start":{"line":54,"column":8},"end":{"line":54,"column":61}},"30":{"start":{"line":57,"column":4},"end":{"line":57,"column":22}}},"branchMap":{"1":{"line":5,"type":"binary-expr","locations":[{"start":{"line":5,"column":12},"end":{"line":5,"column":27}},{"start":{"line":5,"column":31},"end":{"line":5,"column":46}},{"start":{"line":5,"column":51},"end":{"line":5,"column":70}}]},"2":{"line":16,"type":"if","locations":[{"start":{"line":16,"column":4},"end":{"line":16,"column":4}},{"start":{"line":16,"column":4},"end":{"line":16,"column":4}}]},"3":{"line":20,"type":"if","locations":[{"start":{"line":20,"column":4},"end":{"line":20,"column":4}},{"start":{"line":20,"column":4},"end":{"line":20,"column":4}}]},"4":{"line":25,"type":"if","locations":[{"start":{"line":25,"column":8},"end":{"line":25,"column":8}},{"start":{"line":25,"column":8},"end":{"line":25,"column":8}}]},"5":{"line":26,"type":"binary-expr","locations":[{"start":{"line":26,"column":12},"end":{"line":26,"column":40}},{"start":{"line":27,"column":12},"end":{"line":27,"column":46}},{"start":{"line":28,"column":12},"end":{"line":28,"column":44}},{"start":{"line":29,"column":12},"end":{"line":29,"column":42}}]},"6":{"line":37,"type":"if","locations":[{"start":{"line":37,"column":8},"end":{"line":37,"column":8}},{"start":{"line":37,"column":8},"end":{"line":37,"column":8}}]},"7":{"line":49,"type":"binary-expr","locations":[{"start":{"line":49,"column":12},"end":{"line":49,"column":33}},{"start":{"line":50,"column":12},"end":{"line":50,"column":55}}]},"8":{"line":54,"type":"binary-expr","locations":[{"start":{"line":54,"column":25},"end":{"line":54,"column":38}},{"start":{"line":54,"column":42},"end":{"line":54,"column":44}}]}}}}