TN:
SF:/home/sss/Projects/greedy-interval-packer/index.js
FN:1,last
FN:4,intersects
FN:8,intersectsWithSome
FN:9,intersectWithInterval
FN:15,greedyIntervalPacker
FN:24,(anonymous_6)
FN:35,(anonymous_7)
FNF:7
FNH:6
FNDA:0,last
FNDA:126,intersects
FNDA:82,intersectsWithSome
FNDA:126,intersectWithInterval
FNDA:18,greedyIntervalPacker
FNDA:55,(anonymous_6)
FNDA:118,(anonymous_7)
DA:1,1
DA:2,0
DA:4,1
DA:5,126
DA:8,1
DA:9,1
DA:10,126
DA:12,82
DA:15,1
DA:16,18
DA:17,4
DA:20,14
DA:21,1
DA:24,13
DA:25,55
DA:31,5
DA:35,8
DA:36,118
DA:37,118
DA:38,16
DA:41,8
DA:43,8
DA:44,49
DA:45,49
DA:46,49
DA:48,49
DA:52,46
DA:54,49
DA:57,8
LF:29
LH:28
BRDA:5,1,0,126
BRDA:5,1,1,46
BRDA:5,1,2,80
BRDA:16,2,0,4
BRDA:16,2,1,14
BRDA:20,3,0,1
BRDA:20,3,1,13
BRDA:25,4,0,5
BRDA:25,4,1,50
BRDA:26,5,0,55
BRDA:26,5,1,55
BRDA:26,5,2,52
BRDA:26,5,3,52
BRDA:37,6,0,102
BRDA:37,6,1,16
BRDA:49,7,0,95
BRDA:49,7,1,82
BRDA:54,8,0,49
BRDA:54,8,1,13
BRF:19
BRH:19
end_of_record
